<?xml version="1.0" encoding="UTF-8"?>
<!-- Generated by org.testng.reporters.JUnitReportReporter -->
<testsuite hostname="Urbonblossom" failures="0" tests="1" name="Practice.ContactWithOrgPOM" time="26.377" errors="0" timestamp="2023-04-27T12:10:00 IST" skipped="0">
  <testcase classname="Practice.ContactWithOrgPOM" name="cwo" time="26.377"/>
  <system-out/>
</testsuite> <!-- Practice.ContactWithOrgPOM -->
